<?xml version="1.0" encoding="UTF-8"?>
<testsuite xmlns:xsi="http://www.w3.org/2001/XMLSchema-instance" xsi:noNamespaceSchemaLocation="https://maven.apache.org/surefire/maven-surefire-plugin/xsd/surefire-test-report.xsd" name="TestSuite" time="11.317" tests="2" errors="0" skipped="0" failures="0">
  <properties>
    <property name="sun.desktop" value="windows"/>
    <property name="awt.toolkit" value="sun.awt.windows.WToolkit"/>
    <property name="java.specification.version" value="10"/>
    <property name="file.encoding.pkg" value="sun.io"/>
    <property name="sun.cpu.isalist" value="amd64"/>
    <property name="sun.jnu.encoding" value="Cp1252"/>
    <property name="java.class.path" value="C:\Users\pkapoor\eclipse-workspace\com.wexer.api.restassured\target\test-classes;C:\Users\pkapoor\eclipse-workspace\com.wexer.api.restassured\target\classes;C:\Users\pkapoor\.m2\repository\junit\junit\3.8.1\junit-3.8.1.jar;C:\Users\pkapoor\.m2\repository\javax\xml\bind\jaxb-api\2.1\jaxb-api-2.1.jar;C:\Users\pkapoor\.m2\repository\javax\xml\stream\stax-api\1.0-2\stax-api-1.0-2.jar;C:\Users\pkapoor\.m2\repository\javax\activation\activation\1.1\activation-1.1.jar;C:\Users\pkapoor\.m2\repository\io\rest-assured\rest-assured\3.0.2\rest-assured-3.0.2.jar;C:\Users\pkapoor\.m2\repository\org\codehaus\groovy\groovy\2.4.6\groovy-2.4.6.jar;C:\Users\pkapoor\.m2\repository\org\codehaus\groovy\groovy-xml\2.4.6\groovy-xml-2.4.6.jar;C:\Users\pkapoor\.m2\repository\org\apache\httpcomponents\httpclient\4.5.2\httpclient-4.5.2.jar;C:\Users\pkapoor\.m2\repository\org\apache\httpcomponents\httpcore\4.4.4\httpcore-4.4.4.jar;C:\Users\pkapoor\.m2\repository\commons-logging\commons-logging\1.2\commons-logging-1.2.jar;C:\Users\pkapoor\.m2\repository\commons-codec\commons-codec\1.9\commons-codec-1.9.jar;C:\Users\pkapoor\.m2\repository\org\apache\httpcomponents\httpmime\4.5.1\httpmime-4.5.1.jar;C:\Users\pkapoor\.m2\repository\org\ccil\cowan\tagsoup\tagsoup\1.2.1\tagsoup-1.2.1.jar;C:\Users\pkapoor\.m2\repository\io\rest-assured\json-schema-validator\3.0.2\json-schema-validator-3.0.2.jar;C:\Users\pkapoor\.m2\repository\com\github\fge\json-schema-validator\2.2.6\json-schema-validator-2.2.6.jar;C:\Users\pkapoor\.m2\repository\com\google\code\findbugs\jsr305\3.0.0\jsr305-3.0.0.jar;C:\Users\pkapoor\.m2\repository\joda-time\joda-time\2.3\joda-time-2.3.jar;C:\Users\pkapoor\.m2\repository\com\googlecode\libphonenumber\libphonenumber\6.2\libphonenumber-6.2.jar;C:\Users\pkapoor\.m2\repository\com\github\fge\json-schema-core\1.2.5\json-schema-core-1.2.5.jar;C:\Users\pkapoor\.m2\repository\com\github\fge\uri-template\0.9\uri-template-0.9.jar;C:\Users\pkapoor\.m2\repository\com\github\fge\msg-simple\1.1\msg-simple-1.1.jar;C:\Users\pkapoor\.m2\repository\com\github\fge\btf\1.2\btf-1.2.jar;C:\Users\pkapoor\.m2\repository\com\google\guava\guava\16.0.1\guava-16.0.1.jar;C:\Users\pkapoor\.m2\repository\com\github\fge\jackson-coreutils\1.8\jackson-coreutils-1.8.jar;C:\Users\pkapoor\.m2\repository\com\fasterxml\jackson\core\jackson-databind\2.2.3\jackson-databind-2.2.3.jar;C:\Users\pkapoor\.m2\repository\com\fasterxml\jackson\core\jackson-annotations\2.2.3\jackson-annotations-2.2.3.jar;C:\Users\pkapoor\.m2\repository\com\fasterxml\jackson\core\jackson-core\2.2.3\jackson-core-2.2.3.jar;C:\Users\pkapoor\.m2\repository\org\mozilla\rhino\1.7R4\rhino-1.7R4.jar;C:\Users\pkapoor\.m2\repository\javax\mail\mailapi\1.4.3\mailapi-1.4.3.jar;C:\Users\pkapoor\.m2\repository\net\sf\jopt-simple\jopt-simple\4.6\jopt-simple-4.6.jar;C:\Users\pkapoor\.m2\repository\io\rest-assured\json-path\3.0.2\json-path-3.0.2.jar;C:\Users\pkapoor\.m2\repository\org\codehaus\groovy\groovy-json\2.4.6\groovy-json-2.4.6.jar;C:\Users\pkapoor\.m2\repository\io\rest-assured\rest-assured-common\3.0.2\rest-assured-common-3.0.2.jar;C:\Users\pkapoor\.m2\repository\io\rest-assured\xml-path\3.3.0\xml-path-3.3.0.jar;C:\Users\pkapoor\.m2\repository\org\apache\commons\commons-lang3\3.4\commons-lang3-3.4.jar;C:\Users\pkapoor\.m2\repository\com\sun\xml\bind\jaxb-osgi\2.2.10\jaxb-osgi-2.2.10.jar;C:\Users\pkapoor\.m2\repository\org\apache\sling\org.apache.sling.javax.activation\0.1.0\org.apache.sling.javax.activation-0.1.0.jar;C:\Users\pkapoor\.m2\repository\org\hamcrest\java-hamcrest\2.0.0.0\java-hamcrest-2.0.0.0.jar;C:\Users\pkapoor\.m2\repository\org\hamcrest\hamcrest-core\2.1\hamcrest-core-2.1.jar;C:\Users\pkapoor\.m2\repository\org\hamcrest\hamcrest\2.1\hamcrest-2.1.jar;C:\Users\pkapoor\.m2\repository\org\hamcrest\hamcrest-library\2.1\hamcrest-library-2.1.jar;C:\Users\pkapoor\.m2\repository\org\testng\testng\6.14.3\testng-6.14.3.jar;C:\Users\pkapoor\.m2\repository\com\beust\jcommander\1.72\jcommander-1.72.jar;C:\Users\pkapoor\.m2\repository\org\apache-extras\beanshell\bsh\2.0b6\bsh-2.0b6.jar;C:\Users\pkapoor\.m2\repository\com\googlecode\json-simple\json-simple\1.1.1\json-simple-1.1.1.jar;C:\Users\pkapoor\.m2\repository\org\uncommons\reportng\1.1.4\reportng-1.1.4.jar;C:\Users\pkapoor\.m2\repository\velocity\velocity\1.4\velocity-1.4.jar;C:\Users\pkapoor\.m2\repository\com\google\inject\guice\3.0\guice-3.0.jar;C:\Users\pkapoor\.m2\repository\javax\inject\javax.inject\1\javax.inject-1.jar;C:\Users\pkapoor\.m2\repository\aopalliance\aopalliance\1.0\aopalliance-1.0.jar;C:\Users\pkapoor\.m2\repository\velocity\velocity-dep\1.4\velocity-dep-1.4.jar;"/>
    <property name="java.vm.vendor" value="&quot;Oracle Corporation&quot;"/>
    <property name="sun.arch.data.model" value="64"/>
    <property name="user.variant" value=""/>
    <property name="java.vendor.url" value="http://java.oracle.com/"/>
    <property name="user.timezone" value="Asia/Calcutta"/>
    <property name="java.vm.specification.version" value="10"/>
    <property name="os.name" value="Windows 10"/>
    <property name="sun.java.launcher" value="SUN_STANDARD"/>
    <property name="user.country" value="US"/>
    <property name="sun.boot.library.path" value="C:\Program Files\Java\jdk-10.0.2\bin"/>
    <property name="sun.java.command" value="C:\Users\pkapoor\AppData\Local\Temp\surefire3830799041621259243\surefirebooter17213953336377349808.jar C:\Users\pkapoor\AppData\Local\Temp\surefire3830799041621259243 2019-07-19T20-31-53_157-jvmRun1 surefire6979154374976454938tmp surefire_0581635407814300007tmp"/>
    <property name="jdk.debug" value="release"/>
    <property name="surefire.test.class.path" value="C:\Users\pkapoor\eclipse-workspace\com.wexer.api.restassured\target\test-classes;C:\Users\pkapoor\eclipse-workspace\com.wexer.api.restassured\target\classes;C:\Users\pkapoor\.m2\repository\junit\junit\3.8.1\junit-3.8.1.jar;C:\Users\pkapoor\.m2\repository\javax\xml\bind\jaxb-api\2.1\jaxb-api-2.1.jar;C:\Users\pkapoor\.m2\repository\javax\xml\stream\stax-api\1.0-2\stax-api-1.0-2.jar;C:\Users\pkapoor\.m2\repository\javax\activation\activation\1.1\activation-1.1.jar;C:\Users\pkapoor\.m2\repository\io\rest-assured\rest-assured\3.0.2\rest-assured-3.0.2.jar;C:\Users\pkapoor\.m2\repository\org\codehaus\groovy\groovy\2.4.6\groovy-2.4.6.jar;C:\Users\pkapoor\.m2\repository\org\codehaus\groovy\groovy-xml\2.4.6\groovy-xml-2.4.6.jar;C:\Users\pkapoor\.m2\repository\org\apache\httpcomponents\httpclient\4.5.2\httpclient-4.5.2.jar;C:\Users\pkapoor\.m2\repository\org\apache\httpcomponents\httpcore\4.4.4\httpcore-4.4.4.jar;C:\Users\pkapoor\.m2\repository\commons-logging\commons-logging\1.2\commons-logging-1.2.jar;C:\Users\pkapoor\.m2\repository\commons-codec\commons-codec\1.9\commons-codec-1.9.jar;C:\Users\pkapoor\.m2\repository\org\apache\httpcomponents\httpmime\4.5.1\httpmime-4.5.1.jar;C:\Users\pkapoor\.m2\repository\org\ccil\cowan\tagsoup\tagsoup\1.2.1\tagsoup-1.2.1.jar;C:\Users\pkapoor\.m2\repository\io\rest-assured\json-schema-validator\3.0.2\json-schema-validator-3.0.2.jar;C:\Users\pkapoor\.m2\repository\com\github\fge\json-schema-validator\2.2.6\json-schema-validator-2.2.6.jar;C:\Users\pkapoor\.m2\repository\com\google\code\findbugs\jsr305\3.0.0\jsr305-3.0.0.jar;C:\Users\pkapoor\.m2\repository\joda-time\joda-time\2.3\joda-time-2.3.jar;C:\Users\pkapoor\.m2\repository\com\googlecode\libphonenumber\libphonenumber\6.2\libphonenumber-6.2.jar;C:\Users\pkapoor\.m2\repository\com\github\fge\json-schema-core\1.2.5\json-schema-core-1.2.5.jar;C:\Users\pkapoor\.m2\repository\com\github\fge\uri-template\0.9\uri-template-0.9.jar;C:\Users\pkapoor\.m2\repository\com\github\fge\msg-simple\1.1\msg-simple-1.1.jar;C:\Users\pkapoor\.m2\repository\com\github\fge\btf\1.2\btf-1.2.jar;C:\Users\pkapoor\.m2\repository\com\google\guava\guava\16.0.1\guava-16.0.1.jar;C:\Users\pkapoor\.m2\repository\com\github\fge\jackson-coreutils\1.8\jackson-coreutils-1.8.jar;C:\Users\pkapoor\.m2\repository\com\fasterxml\jackson\core\jackson-databind\2.2.3\jackson-databind-2.2.3.jar;C:\Users\pkapoor\.m2\repository\com\fasterxml\jackson\core\jackson-annotations\2.2.3\jackson-annotations-2.2.3.jar;C:\Users\pkapoor\.m2\repository\com\fasterxml\jackson\core\jackson-core\2.2.3\jackson-core-2.2.3.jar;C:\Users\pkapoor\.m2\repository\org\mozilla\rhino\1.7R4\rhino-1.7R4.jar;C:\Users\pkapoor\.m2\repository\javax\mail\mailapi\1.4.3\mailapi-1.4.3.jar;C:\Users\pkapoor\.m2\repository\net\sf\jopt-simple\jopt-simple\4.6\jopt-simple-4.6.jar;C:\Users\pkapoor\.m2\repository\io\rest-assured\json-path\3.0.2\json-path-3.0.2.jar;C:\Users\pkapoor\.m2\repository\org\codehaus\groovy\groovy-json\2.4.6\groovy-json-2.4.6.jar;C:\Users\pkapoor\.m2\repository\io\rest-assured\rest-assured-common\3.0.2\rest-assured-common-3.0.2.jar;C:\Users\pkapoor\.m2\repository\io\rest-assured\xml-path\3.3.0\xml-path-3.3.0.jar;C:\Users\pkapoor\.m2\repository\org\apache\commons\commons-lang3\3.4\commons-lang3-3.4.jar;C:\Users\pkapoor\.m2\repository\com\sun\xml\bind\jaxb-osgi\2.2.10\jaxb-osgi-2.2.10.jar;C:\Users\pkapoor\.m2\repository\org\apache\sling\org.apache.sling.javax.activation\0.1.0\org.apache.sling.javax.activation-0.1.0.jar;C:\Users\pkapoor\.m2\repository\org\hamcrest\java-hamcrest\2.0.0.0\java-hamcrest-2.0.0.0.jar;C:\Users\pkapoor\.m2\repository\org\hamcrest\hamcrest-core\2.1\hamcrest-core-2.1.jar;C:\Users\pkapoor\.m2\repository\org\hamcrest\hamcrest\2.1\hamcrest-2.1.jar;C:\Users\pkapoor\.m2\repository\org\hamcrest\hamcrest-library\2.1\hamcrest-library-2.1.jar;C:\Users\pkapoor\.m2\repository\org\testng\testng\6.14.3\testng-6.14.3.jar;C:\Users\pkapoor\.m2\repository\com\beust\jcommander\1.72\jcommander-1.72.jar;C:\Users\pkapoor\.m2\repository\org\apache-extras\beanshell\bsh\2.0b6\bsh-2.0b6.jar;C:\Users\pkapoor\.m2\repository\com\googlecode\json-simple\json-simple\1.1.1\json-simple-1.1.1.jar;C:\Users\pkapoor\.m2\repository\org\uncommons\reportng\1.1.4\reportng-1.1.4.jar;C:\Users\pkapoor\.m2\repository\velocity\velocity\1.4\velocity-1.4.jar;C:\Users\pkapoor\.m2\repository\com\google\inject\guice\3.0\guice-3.0.jar;C:\Users\pkapoor\.m2\repository\javax\inject\javax.inject\1\javax.inject-1.jar;C:\Users\pkapoor\.m2\repository\aopalliance\aopalliance\1.0\aopalliance-1.0.jar;C:\Users\pkapoor\.m2\repository\velocity\velocity-dep\1.4\velocity-dep-1.4.jar;"/>
    <property name="sun.cpu.endian" value="little"/>
    <property name="user.home" value="C:\Users\pkapoor"/>
    <property name="user.language" value="en"/>
    <property name="java.specification.vendor" value="Oracle Corporation"/>
    <property name="java.version.date" value="2018-07-17"/>
    <property name="java.home" value="C:\Program Files\Java\jdk-10.0.2"/>
    <property name="file.separator" value="\"/>
    <property name="basedir" value="C:\Users\pkapoor\eclipse-workspace\com.wexer.api.restassured"/>
    <property name="java.vm.compressedOopsMode" value="32-bit"/>
    <property name="line.separator" value="&#10;"/>
    <property name="java.specification.name" value="Java Platform API Specification"/>
    <property name="java.vm.specification.vendor" value="Oracle Corporation"/>
    <property name="java.awt.graphicsenv" value="sun.awt.Win32GraphicsEnvironment"/>
    <property name="surefire.real.class.path" value="C:\Users\pkapoor\AppData\Local\Temp\surefire3830799041621259243\surefirebooter17213953336377349808.jar"/>
    <property name="user.script" value=""/>
    <property name="sun.management.compiler" value="HotSpot 64-Bit Tiered Compilers"/>
    <property name="java.runtime.version" value="10.0.2+13"/>
    <property name="user.name" value="pkapoor"/>
    <property name="path.separator" value=";"/>
    <property name="os.version" value="10.0"/>
    <property name="java.runtime.name" value="Java(TM) SE Runtime Environment"/>
    <property name="file.encoding" value="Cp1252"/>
    <property name="java.vm.name" value="Java HotSpot(TM) 64-Bit Server VM"/>
    <property name="java.vendor.version" value="18.3"/>
    <property name="localRepository" value="C:\Users\pkapoor\.m2\repository"/>
    <property name="java.vendor.url.bug" value="http://bugreport.java.com/bugreport/"/>
    <property name="java.io.tmpdir" value="C:\Users\pkapoor\AppData\Local\Temp\"/>
    <property name="java.version" value="10.0.2"/>
    <property name="user.dir" value="C:\Users\pkapoor\eclipse-workspace\com.wexer.api.restassured"/>
    <property name="os.arch" value="amd64"/>
    <property name="java.vm.specification.name" value="Java Virtual Machine Specification"/>
    <property name="java.awt.printerjob" value="sun.awt.windows.WPrinterJob"/>
    <property name="sun.os.patch.level" value=""/>
    <property name="java.library.path" value="C:\Program Files\Java\jdk-10.0.2\bin;C:\windows\Sun\Java\bin;C:\windows\system32;C:\windows;C:/Program Files/Java/jdk-10.0.2/bin/server;C:/Program Files/Java/jdk-10.0.2/bin;C:\windows;C:\windows\System32\Wbem;C:\windows\System32\WindowsPowerShell\v1.0\;C:\windows\System32\OpenSSH\;C:\Program Files\nodejs\;C:\Android\android-sdk\tools;C:\Android\android-sdk\platform-tools;C:\windows\system32;C:\Program Files\Java\jdk-10.0.2\bin;C:\Users\pkapoor\eclipse-workspace\com.restassured.learning\src\test\java\com\restassured\learning\com\restassured\learning\bin;C:\Program Files\Git\cmd;C:\apache-maven-3.6.0\bin;C:\Program Files\Java\jdk-10.0.2\bin;C:\Users\pkapoor\AppData\Local\Microsoft\WindowsApps;C:\Users\pkapoor\AppData\Roaming\npm;C:\Users\pkapoor\eclipse\java-2019-03\eclipse;;."/>
    <property name="java.vendor" value="Oracle Corporation"/>
    <property name="java.vm.info" value="mixed mode"/>
    <property name="java.vm.version" value="10.0.2+13"/>
    <property name="sun.io.unicode.encoding" value="UnicodeLittle"/>
    <property name="java.class.version" value="54.0"/>
  </properties>
  <testcase name="GettingCode" classname="com.wexer.APIs.GetCouponAPI" time="5.874"/>
  <testcase name="PrintResponse" classname="com.wexer.APIs.GetCouponAPI" time="2.48"/>
</testsuite>