<?xml version="1.0" encoding="UTF-8"?>
<!-- Generated by org.testng.reporters.JUnitReportReporter -->
<testsuite hostname="DML-05841" failures="0" tests="2" name="com.wexer.APIs.GetCouponAPI" time="4.582" errors="0" timestamp="16 Jul 2019 15:32:45 GMT" skipped="0">
  <testcase classname="com.wexer.APIs.GetCouponAPI" name="GettingCode" time="3.196"/>
  <testcase classname="com.wexer.APIs.GetCouponAPI" name="PrintResponse" time="1.386"/>
</testsuite> <!-- com.wexer.APIs.GetCouponAPI -->
