<?xml version="1.0" encoding="UTF-8"?>
<!-- Generated by org.testng.reporters.JUnitReportReporter -->
<testsuite hostname="DML-05841" failures="0" tests="2" name="com.wexer.APIs.GetCouponAPI" time="8.298" errors="0" timestamp="19 Jul 2019 15:02:06 GMT" skipped="0">
  <testcase classname="com.wexer.APIs.GetCouponAPI" name="PrintResponse" time="2.440"/>
  <testcase classname="com.wexer.APIs.GetCouponAPI" name="GettingCode" time="5.858"/>
</testsuite> <!-- com.wexer.APIs.GetCouponAPI -->
